\BOOKMARK [0][-]{chapter*.5}{Aportaciones}{}% 1
\BOOKMARK [0][-]{chapter.1}{Introducci\363n}{}% 2
\BOOKMARK [1][-]{section.1.1}{Claves Minimales}{chapter.1}% 3
\BOOKMARK [1][-]{section.1.2}{Generadores Minimales}{chapter.1}% 4
\BOOKMARK [1][-]{section.1.3}{Sistemas de Recomendaci\363n Conversacionales}{chapter.1}% 5
\BOOKMARK [0][-]{chapter.2}{Preliminares}{}% 6
\BOOKMARK [1][-]{section.2.1}{An\341lisis Formal de Conceptos}{chapter.2}% 7
\BOOKMARK [2][-]{subsection.2.1.1}{Contextos formales}{section.2.1}% 8
\BOOKMARK [2][-]{subsection.2.1.2}{Operadores de derivaci\363n}{section.2.1}% 9
\BOOKMARK [2][-]{subsection.2.1.3}{Conceptos Formales}{section.2.1}% 10
\BOOKMARK [2][-]{subsection.2.1.4}{Ret\355culo de conceptos}{section.2.1}% 11
\BOOKMARK [2][-]{subsection.2.1.5}{Sistema de implicaciones}{section.2.1}% 12
\BOOKMARK [1][-]{section.2.2}{Bases de Datos Relacionales}{chapter.2}% 13
\BOOKMARK [2][-]{subsection.2.2.1}{Dependencias Funcionales}{section.2.2}% 14
\BOOKMARK [1][-]{section.2.3}{L\363gica de Implicaciones}{chapter.2}% 15
\BOOKMARK [2][-]{subsection.2.3.1}{Axiomas de Armstrong}{section.2.3}% 16
\BOOKMARK [2][-]{subsection.2.3.2}{L\363gica SLFD}{section.2.3}% 17
\BOOKMARK [1][-]{section.2.4}{M\351todo de Razonamiento Autom\341tico}{chapter.2}% 18
\BOOKMARK [2][-]{subsection.2.4.1}{Problema de las implicaciones}{section.2.4}% 19
\BOOKMARK [2][-]{subsection.2.4.2}{Cierre cl\341sico}{section.2.4}% 20
\BOOKMARK [2][-]{subsection.2.4.3}{Cierre SLFD}{section.2.4}% 21
\BOOKMARK [0][-]{chapter.3}{Claves Minimales}{}% 22
\BOOKMARK [0][-]{chapter.4}{Generadores Minimales}{}% 23
\BOOKMARK [0][-]{chapter.5}{Sistemas de Recomendaci\363n Conversacionales}{}% 24
\BOOKMARK [0][-]{chapter.6}{Conclusiones y Trabajos Futuros}{}% 25
\BOOKMARK [0][-]{section*.34}{\315ndice alfab\351tico}{}% 26
\BOOKMARK [0][-]{chapter*.35}{\315ndice de figuras}{}% 27
\BOOKMARK [0][-]{chapter*.36}{\315ndice de tablas}{}% 28
\BOOKMARK [0][-]{section*.37}{Anexo}{}% 29
\BOOKMARK [0][-]{appendix.A}{Closed sets enumeration: a logical approach}{}% 30
\BOOKMARK [0][-]{appendix.B}{Conversational recommendation to avoid the cold-start problem}{}% 31
\BOOKMARK [0][-]{appendix.C}{Keys for the fusion of heterogeneous information}{}% 32
\BOOKMARK [0][-]{appendix.D}{Increasing the Efficiency of Minimal Key Enumeration Methods by Means of Parallelism}{}% 33
\BOOKMARK [0][-]{appendix.D}{Bibliograf\355a}{}% 34
