\BOOKMARK [0][-]{chapter*.3}{Aportaciones}{}% 1
\BOOKMARK [0][-]{chapter*.4}{Resumen}{}% 2
\BOOKMARK [0][-]{chapter.1}{Introducci\363n}{}% 3
\BOOKMARK [0][-]{chapter.2}{Preliminares}{}% 4
\BOOKMARK [1][-]{section.2.1}{An\341lisis de conceptos formales}{chapter.2}% 5
\BOOKMARK [1][-]{section.2.2}{L\363gica de Simplificaci\363n}{chapter.2}% 6
\BOOKMARK [-1][-]{part.1}{I Claves y Generadores Minimales}{}% 7
\BOOKMARK [0][-]{chapter.3}{Claves Minimales}{part.1}% 8
\BOOKMARK [1][-]{section.3.1}{Aplicaciones}{chapter.3}% 9
\BOOKMARK [1][-]{section.3.2}{El problema de la b\372squeda de claves}{chapter.3}% 10
\BOOKMARK [1][-]{section.3.3}{Algoritmos para el c\341lculo de claves}{chapter.3}% 11
\BOOKMARK [1][-]{section.3.4}{Implementaci\363n}{chapter.3}% 12
\BOOKMARK [1][-]{section.3.5}{Experimentos y resultados}{chapter.3}% 13
\BOOKMARK [0][-]{chapter.4}{Generadores Minimales}{part.1}% 14
\BOOKMARK [1][-]{section.4.1}{Implicaciones y generadores minimales}{chapter.4}% 15
\BOOKMARK [1][-]{section.4.2}{M\351todos para calcular los generadores minimales}{chapter.4}% 16
\BOOKMARK [2][-]{subsection.4.2.1}{M\351todo MinGen}{section.4.2}% 17
\BOOKMARK [2][-]{subsection.4.2.2}{M\351todo MinGenPr}{section.4.2}% 18
\BOOKMARK [2][-]{subsection.4.2.3}{M\351todo GenMinGen}{section.4.2}% 19
\BOOKMARK [1][-]{section.4.3}{Experimentos y resultados}{chapter.4}% 20
\BOOKMARK [1][-]{section.4.4}{Computaci\363n paralela y generadores minimales}{chapter.4}% 21
\BOOKMARK [-1][-]{part.2}{II Sistemas de Recomendaci\363n Conversacionales}{}% 22
\BOOKMARK [0][-]{chapter.5}{Sistemas de Recomendaci\363n}{part.2}% 23
\BOOKMARK [1][-]{section.5.1}{T\351cnicas de recomendaci\363n}{chapter.5}% 24
\BOOKMARK [1][-]{section.5.2}{Problemas comunes}{chapter.5}% 25
\BOOKMARK [1][-]{section.5.3}{Evaluaci\363n de los sistemas de recomendaci\363n}{chapter.5}% 26
\BOOKMARK [0][-]{chapter.6}{Desarrollo de SR conversacional}{part.2}% 27
\BOOKMARK [1][-]{section.6.1}{Presentaci\363n: sicumaRS}{chapter.6}% 28
\BOOKMARK [1][-]{section.6.2}{Funcionamiento}{chapter.6}% 29
\BOOKMARK [1][-]{section.6.3}{Medidas de evaluaci\363n}{chapter.6}% 30
\BOOKMARK [0][-]{chapter.7}{Experimentos realizados}{part.2}% 31
\BOOKMARK [1][-]{section.7.1}{MovieLens datasets}{chapter.7}% 32
\BOOKMARK [1][-]{section.7.2}{Hoteles Costa del Sol dataset}{chapter.7}% 33
\BOOKMARK [1][-]{section.7.3}{POIs Mundial dataset}{chapter.7}% 34
\BOOKMARK [1][-]{section.7.4}{Enfermedades y S\355ntomas dataset}{chapter.7}% 35
\BOOKMARK [0][-]{chapter.8}{Conclusiones y Trabajos Futuros}{part.2}% 36
\BOOKMARK [0][-]{section*.71}{\315ndice alfab\351tico}{part.2}% 37
\BOOKMARK [0][-]{chapter*.72}{Lista de figuras}{part.2}% 38
\BOOKMARK [0][-]{chapter*.73}{Lista de tablas}{part.2}% 39
